--- Copying files at Fri 19 Mar 2021 10:18:21 PM CST
INSTALLED init.groovy.d/tcp-slave-agent-port.groovy
INSTALLED plugins/ldap.jpi : 2.4
INSTALLED plugins/git-parameter.jpi : 0.9.13
INSTALLED plugins/external-monitor-job.jpi : 1.7
INSTALLED plugins/scm-api.jpi : 2.6.4
INSTALLED plugins/checks-api.jpi : 1.6.1
INSTALLED plugins/docker-commons.jpi : 1.17
INSTALLED plugins/authentication-tokens.jpi : 1.4
INSTALLED plugins/junit.jpi : 1.49
INSTALLED plugins/docker-workflow.jpi : 1.26
INSTALLED plugins/jquery3-api.jpi : 3.5.1-3
INSTALLED plugins/copyartifact.jpi : 1.46
INSTALLED plugins/credentials-binding.jpi : 1.24
INSTALLED plugins/plugin-util-api.jpi : 2.0.0
INSTALLED plugins/timestamper.jpi : 1.12
INSTALLED plugins/structs.jpi : 1.22
INSTALLED plugins/jquery.jpi : 1.12.4-1
INSTALLED plugins/github-api.jpi : 1.123
INSTALLED plugins/pipeline-github-lib.jpi : 1.0
INSTALLED plugins/pipeline-model-declarative-agent.jpi : 1.1.1
INSTALLED plugins/workflow-basic-steps.jpi : 2.23
INSTALLED plugins/cloudbees-folder.jpi : 6.15
INSTALLED plugins/email-ext.jpi : 2.82
INSTALLED plugins/workflow-cps.jpi : 2.90
INSTALLED plugins/build-timeout.jpi : 1.20
INSTALLED plugins/pipeline-build-step.jpi : 2.13
INSTALLED plugins/token-macro.jpi : 2.15
INSTALLED plugins/yet-another-docker-plugin.jpi : 0.2.0
INSTALLED plugins/javadoc.jpi : 1.6
INSTALLED plugins/jackson2-api.jpi : 2.12.1
INSTALLED plugins/github.jpi : 1.33.1
INSTALLED plugins/jsch.jpi : 0.1.55.2
INSTALLED plugins/ant.jpi : 1.11
INSTALLED plugins/command-launcher.jpi : 1.5
INSTALLED plugins/mailer.jpi : 1.33
INSTALLED plugins/git-client.jpi : 3.7.0
INSTALLED plugins/jquery-detached.jpi : 1.2.1
INSTALLED plugins/okhttp-api.jpi : 3.14.9
INSTALLED plugins/credentials.jpi : 2.3.15
INSTALLED plugins/pipeline-model-api.jpi : 1.8.4
INSTALLED plugins/pipeline-stage-step.jpi : 2.5
INSTALLED plugins/bootstrap4-api.jpi : 4.6.0-2
INSTALLED plugins/workflow-multibranch.jpi : 2.22
INSTALLED plugins/workflow-scm-step.jpi : 2.12
INSTALLED plugins/subversion.jpi : 2.14.0
INSTALLED plugins/workflow-aggregator.jpi : 2.6
INSTALLED plugins/script-security.jpi : 1.76
INSTALLED plugins/publish-over-ssh.jpi : 1.22
INSTALLED plugins/ace-editor.jpi : 1.1
INSTALLED plugins/plain-credentials.jpi : 1.7
INSTALLED plugins/trilead-api.jpi : 1.0.13
INSTALLED plugins/display-url-api.jpi : 2.3.4
INSTALLED plugins/cloud-stats.jpi : 0.26
INSTALLED plugins/pipeline-input-step.jpi : 2.12
INSTALLED plugins/git-changelog.jpi : 3.1
INSTALLED plugins/pam-auth.jpi : 1.6
INSTALLED plugins/lockable-resources.jpi : 2.10
INSTALLED plugins/gradle.jpi : 1.36
INSTALLED plugins/pipeline-model-definition.jpi : 1.8.4
INSTALLED plugins/jdk-tool.jpi : 1.5
INSTALLED plugins/extended-read-permission.jpi : 3.2
INSTALLED plugins/workflow-durable-task-step.jpi : 2.38
INSTALLED plugins/pipeline-model-extensions.jpi : 1.8.4
INSTALLED plugins/matrix-project.jpi : 1.18
INSTALLED plugins/github-branch-source.jpi : 2.10.2
INSTALLED plugins/jjwt-api.jpi : 0.11.2-9.c8b45b8bb173
INSTALLED plugins/publish-over-ftp.jpi : 1.16
INSTALLED plugins/ssh-slaves.jpi : 1.31.5
INSTALLED plugins/pipeline-graph-analysis.jpi : 1.10
INSTALLED plugins/handlebars.jpi : 1.1.1
INSTALLED plugins/apache-httpcomponents-client-4-api.jpi : 4.5.13-1.0
INSTALLED plugins/pipeline-rest-api.jpi : 2.19
INSTALLED plugins/branch-api.jpi : 2.6.3
INSTALLED plugins/bouncycastle-api.jpi : 2.20
INSTALLED plugins/momentjs.jpi : 1.1.1
INSTALLED plugins/publish-over.jpi : 0.22
INSTALLED plugins/workflow-support.jpi : 3.8
INSTALLED plugins/ws-cleanup.jpi : 0.39
INSTALLED plugins/git-server.jpi : 1.9
INSTALLED plugins/echarts-api.jpi : 5.0.1-1
INSTALLED plugins/workflow-job.jpi : 2.40
INSTALLED plugins/matrix-auth.jpi : 2.6.6
INSTALLED plugins/ssh-credentials.jpi : 1.18.1
INSTALLED plugins/pipeline-stage-view.jpi : 2.19
INSTALLED plugins/resource-disposer.jpi : 0.15
INSTALLED plugins/locale.jpi : 1.4
INSTALLED plugins/font-awesome-api.jpi : 5.15.2-2
INSTALLED plugins/icon-shim.jpi : 3.0.0
INSTALLED plugins/antisamy-markup-formatter.jpi : 2.1
INSTALLED plugins/repo.jpi : 1.14.0
INSTALLED plugins/workflow-cps-global-lib.jpi : 2.18
INSTALLED plugins/workflow-step-api.jpi : 2.23
INSTALLED plugins/mapdb-api.jpi : 1.0.9.0
INSTALLED plugins/git.jpi : 4.7.0
INSTALLED plugins/popper-api.jpi : 1.16.1-2
INSTALLED plugins/durable-task.jpi : 1.35
INSTALLED plugins/workflow-api.jpi : 2.42
INSTALLED plugins/multiple-scms.jpi : 0.6
INSTALLED plugins/pipeline-milestone-step.jpi : 1.3.2
INSTALLED plugins/snakeyaml-api.jpi : 1.27.0
INSTALLED plugins/pipeline-stage-tags-metadata.jpi : 1.8.4
INSTALLED plugins/ftppublisher.jpi : 1.2
INSTALLED plugins/windows-slaves.jpi : 1.7
--- Copying files at Sun 21 Mar 2021 02:08:01 PM CST
